<?xml version="1.0" encoding="UTF-8"?>
<!-- Generated by org.testng.reporters.JUnitXMLReporter -->
<testsuite hostname="tonghuan" ignored="0" name="测试" tests="6" failures="0" timestamp="2022-10-21T15:28:39 CST" time="2.847" errors="0">
  <testcase name="test01" time="0.038" classname="com.th.testcases.Test01"/>
  <testcase name="test01" time="0.002" classname="com.th.testcases.Test01"/>
  <testcase name="test01" time="0.002" classname="com.th.testcases.Test01"/>
  <testcase name="test01" time="1.877" classname="com.th.testcases.Test02"/>
  <testcase name="test01" time="0.143" classname="com.th.testcases.Test02"/>
  <testcase name="test01" time="0.112" classname="com.th.testcases.Test02"/>
</testsuite> <!-- 测试 -->
