<?xml version="1.0" encoding="UTF-8"?>
<testsuite xmlns:xsi="http://www.w3.org/2001/XMLSchema-instance" xsi:noNamespaceSchemaLocation="https://maven.apache.org/surefire/maven-surefire-plugin/xsd/surefire-test-report.xsd" name="TestSuite" time="4.223" tests="6" errors="0" skipped="0" failures="0">
  <properties>
[...]
</properties>
  <testcase name="test01" classname="com.th.testcases.Test01" time="0.068"/>
  <testcase name="test01" classname="com.th.testcases.Test01" time="0.013"/>
  <testcase name="test01" classname="com.th.testcases.Test01" time="0.02"/>
  <testcase name="test01" classname="com.th.testcases.Test02" time="1.877"/>
  <testcase name="test01" classname="com.th.testcases.Test02" time="0.142"/>
  <testcase name="test01" classname="com.th.testcases.Test02" time="0.112"/>
</testsuite>