<?xml version="1.0" encoding="UTF-8"?>
<testng-results skipped="0" failed="0" ignored="0" total="6" passed="6">
  <reporter-output>
  </reporter-output>
  <suite name="测试套件" duration-ms="2847" started-at="2022-10-21T15:28:36 CST" finished-at="2022-10-21T15:28:39 CST">
    <groups>
    </groups>
    <test name="测试" duration-ms="2847" started-at="2022-10-21T15:28:36 CST" finished-at="2022-10-21T15:28:39 CST">
      <class name="com.th.testcases.Test01">
        <test-method status="PASS" signature="test01(com.th.entries.CaseInfo)[pri:0, instance:com.th.testcases.Test01@61bcd567]" name="test01" duration-ms="38" started-at="2022-10-21T15:28:36 CST" data-provider="readCases" finished-at="2022-10-21T15:28:36 CST">
          <params>
            <param index="0">
              <value>
                <![CDATA[CaseInfo{caseId=1, interfaceName='登录模块', title='登录系统', requestHeader='{"Content-Type":"application/json"}', method='post', url='/api/user/v1/login', inputParams='{
  "mail": "858352742@qq.com",
  "pwd": "12345"
}', expected='null', dbAssert='{"SELECT count(*) FROM USER where id='1';":1}', extractExper='{"token":"data"}'}]]>
              </value>
            </param>
          </params>
          <reporter-output>
          </reporter-output>
        </test-method> <!-- test01 -->
        <test-method status="PASS" signature="test01(com.th.entries.CaseInfo)[pri:0, instance:com.th.testcases.Test01@61bcd567]" name="test01" duration-ms="2" started-at="2022-10-21T15:28:36 CST" data-provider="readCases" finished-at="2022-10-21T15:28:36 CST">
          <params>
            <param index="0">
              <value>
                <![CDATA[CaseInfo{caseId=2, interfaceName='用户模块', title='获取用户详细信息', requestHeader='{"token":"${token}","Content-Type":"application/json"}', method='get', url='/api/user/v1/detail', inputParams='null', expected='{
    "code": 0,
    "data": {
        "id": 17,
        "name": "测试",
        "slogan": "人生需要动态规划，学习需要贪心算法",
        "sex": 1,
        "points": 0,
        "mail": "858352742@qq.com",
        "head_img": "https://lx-test01.oss-cn-shanghai.aliyuncs.com/03.jpg"
    },
    "msg": null
}', dbAssert='{"SELECT count(*) FROM USER where id='1';":1}', extractExper='{"id":"data.id"}'}]]>
              </value>
            </param>
          </params>
          <reporter-output>
          </reporter-output>
        </test-method> <!-- test01 -->
        <test-method status="PASS" signature="test01(com.th.entries.CaseInfo)[pri:0, instance:com.th.testcases.Test01@61bcd567]" name="test01" duration-ms="2" started-at="2022-10-21T15:28:36 CST" data-provider="readCases" finished-at="2022-10-21T15:28:36 CST">
          <params>
            <param index="0">
              <value>
                <![CDATA[CaseInfo{caseId=3, interfaceName='用户模块', title='获取用户详细信息', requestHeader='{"token":"${token}","Content-Type":"application/json"}', method='get', url='/api/user/v1/detail', inputParams='null', expected='{
    "code": 0,
    "data": {
        "id": 17,
        "name": "测试",
        "slogan": "人生需要动态规划，学习需要贪心算法",
        "sex": 1,
        "points": 0,
        "mail": "858352742@qq.com",
        "head_img": "https://lx-test01.oss-cn-shanghai.aliyuncs.com/03.jpg"
    },
    "msg": null
}', dbAssert='{"SELECT count(*) FROM USER where id='1';":1}', extractExper='{"id":"data.id"}'}]]>
              </value>
            </param>
          </params>
          <reporter-output>
          </reporter-output>
        </test-method> <!-- test01 -->
      </class> <!-- com.th.testcases.Test01 -->
      <class name="com.th.testcases.Test02">
        <test-method status="PASS" signature="beforeMehtod()[pri:0, instance:com.th.testcases.Test02@72445aba]" name="beforeMehtod" is-config="true" duration-ms="527" started-at="2022-10-21T15:28:35 CST" finished-at="2022-10-21T15:28:36 CST">
          <reporter-output>
          </reporter-output>
        </test-method> <!-- beforeMehtod -->
        <test-method status="PASS" signature="setUp()[pri:0, instance:com.th.testcases.Test02@72445aba]" name="setUp" is-config="true" duration-ms="2" started-at="2022-10-21T15:28:36 CST" finished-at="2022-10-21T15:28:36 CST">
          <reporter-output>
          </reporter-output>
        </test-method> <!-- setUp -->
        <test-method status="PASS" signature="test01(com.th.entries.CaseInfo)[pri:0, instance:com.th.testcases.Test02@72445aba]" name="test01" duration-ms="1877" started-at="2022-10-21T15:28:37 CST" data-provider="readCases" finished-at="2022-10-21T15:28:38 CST">
          <params>
            <param index="0">
              <value>
                <![CDATA[CaseInfo{caseId=1, interfaceName='登录模块', title='登录系统', requestHeader='{"Content-Type":"application/json"}', method='post', url='/api/user/v1/login', inputParams='{
  "mail": "858352742@qq.com",
  "pwd": "12345"
}', expected='null', dbAssert='{"SELECT count(*) FROM USER where id='1';":1}', extractExper='{"token":"data"}'}]]>
              </value>
            </param>
          </params>
          <reporter-output>
          </reporter-output>
        </test-method> <!-- test01 -->
        <test-method status="PASS" signature="test01(com.th.entries.CaseInfo)[pri:0, instance:com.th.testcases.Test02@72445aba]" name="test01" duration-ms="143" started-at="2022-10-21T15:28:38 CST" data-provider="readCases" finished-at="2022-10-21T15:28:39 CST">
          <params>
            <param index="0">
              <value>
                <![CDATA[CaseInfo{caseId=2, interfaceName='用户模块', title='获取用户详细信息', requestHeader='{"token":"daniutesteyJhbGciOiJIUzI1NiJ9.eyJzdWIiOiJ4ZGNsYXNzIiwiaGVhZF9pbWciOiJodHRwczovL2x4LXRlc3QwMS5vc3MtY24tc2hhbmdoYWkuYWxpeXVuY3MuY29tLzAzLmpwZyIsImlkIjoxNywibmFtZSI6Iua1i-ivlSIsIm1haWwiOiI4NTgzNTI3NDJAcXEuY29tIiwiaWF0IjoxNjY2MzM3MzE2LCJleHAiOjE2NjgwOTAzNDh9.A_J3MUH-Ogzd2eD9p3t1FYl83yRwx4tmzBiK0Tx9VLY","Content-Type":"application/json"}', method='get', url='/api/user/v1/detail', inputParams='null', expected='{
    "code": 0,
    "data": {
        "id": 17,
        "name": "测试",
        "slogan": "人生需要动态规划，学习需要贪心算法",
        "sex": 1,
        "points": 0,
        "mail": "858352742@qq.com",
        "head_img": "https://lx-test01.oss-cn-shanghai.aliyuncs.com/03.jpg"
    },
    "msg": null
}', dbAssert='{"SELECT count(*) FROM USER where id='1';":1}', extractExper='{"id":"data.id"}'}]]>
              </value>
            </param>
          </params>
          <reporter-output>
          </reporter-output>
        </test-method> <!-- test01 -->
        <test-method status="PASS" signature="test01(com.th.entries.CaseInfo)[pri:0, instance:com.th.testcases.Test02@72445aba]" name="test01" duration-ms="112" started-at="2022-10-21T15:28:39 CST" data-provider="readCases" finished-at="2022-10-21T15:28:39 CST">
          <params>
            <param index="0">
              <value>
                <![CDATA[CaseInfo{caseId=3, interfaceName='用户模块', title='获取用户详细信息', requestHeader='{"token":"daniutesteyJhbGciOiJIUzI1NiJ9.eyJzdWIiOiJ4ZGNsYXNzIiwiaGVhZF9pbWciOiJodHRwczovL2x4LXRlc3QwMS5vc3MtY24tc2hhbmdoYWkuYWxpeXVuY3MuY29tLzAzLmpwZyIsImlkIjoxNywibmFtZSI6Iua1i-ivlSIsIm1haWwiOiI4NTgzNTI3NDJAcXEuY29tIiwiaWF0IjoxNjY2MzM3MzE2LCJleHAiOjE2NjgwOTAzNDh9.A_J3MUH-Ogzd2eD9p3t1FYl83yRwx4tmzBiK0Tx9VLY","Content-Type":"application/json"}', method='get', url='/api/user/v1/detail', inputParams='null', expected='{
    "code": 0,
    "data": {
        "id": 17,
        "name": "测试",
        "slogan": "人生需要动态规划，学习需要贪心算法",
        "sex": 1,
        "points": 0,
        "mail": "858352742@qq.com",
        "head_img": "https://lx-test01.oss-cn-shanghai.aliyuncs.com/03.jpg"
    },
    "msg": null
}', dbAssert='{"SELECT count(*) FROM USER where id='1';":1}', extractExper='{"id":"data.id"}'}]]>
              </value>
            </param>
          </params>
          <reporter-output>
          </reporter-output>
        </test-method> <!-- test01 -->
      </class> <!-- com.th.testcases.Test02 -->
    </test> <!-- 测试 -->
  </suite> <!-- 测试套件 -->
</testng-results>
